<?xml version="1.0" encoding="UTF-8" ?>
<testsuite tests="33" failures="0" name="ControllersTest" time="0.89" errors="0" skipped="0">
  <properties>
[...]
</properties>
  <testcase classname="ControllersTest" name="UserBasicOperationsWriteDeleteReadTest" time="0.37"/>
  <testcase classname="ControllersTest" name="SeansBasicOperationsWriteCreateReadTest" time="0.026"/>
  <testcase classname="ControllersTest" name="RoomBasicOperationsWriteDeleteReadTest" time="0.025"/>
  <testcase classname="ControllersTest" name="SeatBasicOperationsWriteDeleteReadTest" time="0.025"/>
  <testcase classname="ControllersTest" name="CinemaBasicOperationsWriteUpdateReadTest" time="0.022"/>
  <testcase classname="ControllersTest" name="CinemaBasicOperationsWriteCreateReadTest" time="0.019"/>
  <testcase classname="ControllersTest" name="FilmBasicOperationsWriteAndReadTest" time="0.015"/>
  <testcase classname="ControllersTest" name="ReservationBasicOperationsWriteDeleteReadTest" time="0.024"/>
  <testcase classname="ControllersTest" name="FilmCategoryBasicOperationsWriteDeleteReadTest" time="0.024"/>
  <testcase classname="ControllersTest" name="CinemaBasicOperationsWriteAndReadTest" time="0.008"/>
  <testcase classname="ControllersTest" name="SeansBasicOperationsWriteDeleteReadTest" time="0.02"/>
  <testcase classname="ControllersTest" name="FilmBasicOperationsWriteUpdateReadTest" time="0.021"/>
  <testcase classname="ControllersTest" name="FilmBasicOperationsWriteCreateReadTest" time="0.017"/>
  <testcase classname="ControllersTest" name="ReservationBasicOperationsWriteAndReadTest" time="0.011"/>
  <testcase classname="ControllersTest" name="PaymentBasicOperationsWriteAndReadTest" time="0.021"/>
  <testcase classname="ControllersTest" name="CinemaBasicOperationsWriteDeleteReadTest" time="0.013"/>
  <testcase classname="ControllersTest" name="PaymentBasicOperationsWriteUpdateReadTest" time="0.022"/>
  <testcase classname="ControllersTest" name="PaymentBasicOperationsWriteCreateReadTest" time="0.016"/>
  <testcase classname="ControllersTest" name="SeansBasicOperationsWriteAndReadTest" time="0.01"/>
  <testcase classname="ControllersTest" name="FilmCategoryBasicOperationsWriteAndReadTest" time="0.009"/>
  <testcase classname="ControllersTest" name="UserBasicOperationsWriteUpdateReadTest" time="0.02"/>
  <testcase classname="ControllersTest" name="UserBasicOperationsWriteCreateReadTest" time="0.019"/>
  <testcase classname="ControllersTest" name="FilmBasicOperationsWriteDeleteReadTest" time="0.014"/>
  <testcase classname="ControllersTest" name="RoomBasicOperationsWriteUpdateReadTest" time="0.016"/>
  <testcase classname="ControllersTest" name="SeatBasicOperationsWriteAndReadTest" time="0.008"/>
  <testcase classname="ControllersTest" name="RoomBasicOperationsWriteCreateReadTest" time="0.012"/>
  <testcase classname="ControllersTest" name="UserBasicOperationsWriteAndReadTest" time="0.008"/>
  <testcase classname="ControllersTest" name="SeatBasicOperationsWriteCreateReadTest" time="0.017"/>
  <testcase classname="ControllersTest" name="PaymentBasicOperationsWriteDeleteReadTest" time="0.011"/>
  <testcase classname="ControllersTest" name="FilmCategoryBasicOperationsWriteUpdateReadTest" time="0.015"/>
  <testcase classname="ControllersTest" name="ReservationBasicOperationsWriteCreateReadTest" time="0.013"/>
  <testcase classname="ControllersTest" name="RoomBasicOperationsWriteAndReadTest" time="0.008"/>
  <testcase classname="ControllersTest" name="FilmCategoryBasicOperationsWriteCreateReadTest" time="0.011"/>
</testsuite>